Determining if the function pow exists failed with the following output:
Change Dir: /home/wenyan/wenyan/cmake/cmake/code/demo-code/demo8/build/CMakeFiles/CMakeTmp

Run Build Command:"/usr/bin/make" "cmTC_9f6d3/fast"
/usr/bin/make -f CMakeFiles/cmTC_9f6d3.dir/build.make CMakeFiles/cmTC_9f6d3.dir/build
make[1]: Entering directory '/home/wenyan/wenyan/cmake/cmake/code/demo-code/demo8/build/CMakeFiles/CMakeTmp'
Building C object CMakeFiles/cmTC_9f6d3.dir/CheckFunctionExists.c.o
/usr/bin/cc    -DCHECK_FUNCTION_EXISTS=pow   -o CMakeFiles/cmTC_9f6d3.dir/CheckFunctionExists.c.o   -c /usr/share/cmake-3.7/Modules/CheckFunctionExists.c
<command-line>:0:23: warning: conflicting types for built-in function ‘pow’
/usr/share/cmake-3.7/Modules/CheckFunctionExists.c:7:3: note: in expansion of macro ‘CHECK_FUNCTION_EXISTS’
   CHECK_FUNCTION_EXISTS();
   ^~~~~~~~~~~~~~~~~~~~~
Linking C executable cmTC_9f6d3
/usr/bin/cmake -E cmake_link_script CMakeFiles/cmTC_9f6d3.dir/link.txt --verbose=1
/usr/bin/cc   -DCHECK_FUNCTION_EXISTS=pow    CMakeFiles/cmTC_9f6d3.dir/CheckFunctionExists.c.o  -o cmTC_9f6d3 
CMakeFiles/cmTC_9f6d3.dir/CheckFunctionExists.c.o：在函数‘main’中：
CheckFunctionExists.c:(.text+0x15)：对‘pow’未定义的引用
collect2: error: ld returned 1 exit status
CMakeFiles/cmTC_9f6d3.dir/build.make:97: recipe for target 'cmTC_9f6d3' failed
make[1]: *** [cmTC_9f6d3] Error 1
make[1]: Leaving directory '/home/wenyan/wenyan/cmake/cmake/code/demo-code/demo8/build/CMakeFiles/CMakeTmp'
Makefile:126: recipe for target 'cmTC_9f6d3/fast' failed
make: *** [cmTC_9f6d3/fast] Error 2


Determining if the function pow exists failed with the following output:
Change Dir: /home/wenyan/wenyan/cmake/cmake/code/demo-code/demo8/build/CMakeFiles/CMakeTmp

Run Build Command:"/usr/bin/make" "cmTC_99893/fast"
/usr/bin/make -f CMakeFiles/cmTC_99893.dir/build.make CMakeFiles/cmTC_99893.dir/build
make[1]: Entering directory '/home/wenyan/wenyan/cmake/cmake/code/demo-code/demo8/build/CMakeFiles/CMakeTmp'
Building C object CMakeFiles/cmTC_99893.dir/CheckFunctionExists.c.o
/usr/bin/cc    -DCHECK_FUNCTION_EXISTS=pow   -o CMakeFiles/cmTC_99893.dir/CheckFunctionExists.c.o   -c /usr/share/cmake-3.7/Modules/CheckFunctionExists.c
<command-line>:0:23: warning: conflicting types for built-in function ‘pow’
/usr/share/cmake-3.7/Modules/CheckFunctionExists.c:7:3: note: in expansion of macro ‘CHECK_FUNCTION_EXISTS’
   CHECK_FUNCTION_EXISTS();
   ^~~~~~~~~~~~~~~~~~~~~
Linking C executable cmTC_99893
/usr/bin/cmake -E cmake_link_script CMakeFiles/cmTC_99893.dir/link.txt --verbose=1
/usr/bin/cc   -DCHECK_FUNCTION_EXISTS=pow    CMakeFiles/cmTC_99893.dir/CheckFunctionExists.c.o  -o cmTC_99893 
CMakeFiles/cmTC_99893.dir/CheckFunctionExists.c.o：在函数‘main’中：
CheckFunctionExists.c:(.text+0x15)：对‘pow’未定义的引用
collect2: error: ld returned 1 exit status
CMakeFiles/cmTC_99893.dir/build.make:97: recipe for target 'cmTC_99893' failed
make[1]: *** [cmTC_99893] Error 1
make[1]: Leaving directory '/home/wenyan/wenyan/cmake/cmake/code/demo-code/demo8/build/CMakeFiles/CMakeTmp'
Makefile:126: recipe for target 'cmTC_99893/fast' failed
make: *** [cmTC_99893/fast] Error 2


