Determining if the function pow exists failed with the following output:
Change Dir: /home/wenyan/wenyan/cmake/cmake/code/demo-code/demo9/build/CMakeFiles/CMakeTmp

Run Build Command:"/usr/bin/make" "cmTC_70af5/fast"
/usr/bin/make -f CMakeFiles/cmTC_70af5.dir/build.make CMakeFiles/cmTC_70af5.dir/build
make[1]: Entering directory '/home/wenyan/wenyan/cmake/cmake/code/demo-code/demo9/build/CMakeFiles/CMakeTmp'
Building C object CMakeFiles/cmTC_70af5.dir/CheckFunctionExists.c.o
/usr/bin/cc    -DCHECK_FUNCTION_EXISTS=pow   -o CMakeFiles/cmTC_70af5.dir/CheckFunctionExists.c.o   -c /usr/share/cmake-3.7/Modules/CheckFunctionExists.c
<command-line>:0:23: warning: conflicting types for built-in function ‘pow’
/usr/share/cmake-3.7/Modules/CheckFunctionExists.c:7:3: note: in expansion of macro ‘CHECK_FUNCTION_EXISTS’
   CHECK_FUNCTION_EXISTS();
   ^~~~~~~~~~~~~~~~~~~~~
Linking C executable cmTC_70af5
/usr/bin/cmake -E cmake_link_script CMakeFiles/cmTC_70af5.dir/link.txt --verbose=1
/usr/bin/cc   -DCHECK_FUNCTION_EXISTS=pow    CMakeFiles/cmTC_70af5.dir/CheckFunctionExists.c.o  -o cmTC_70af5 
CMakeFiles/cmTC_70af5.dir/CheckFunctionExists.c.o：在函数‘main’中：
CheckFunctionExists.c:(.text+0x15)：对‘pow’未定义的引用
collect2: error: ld returned 1 exit status
CMakeFiles/cmTC_70af5.dir/build.make:97: recipe for target 'cmTC_70af5' failed
make[1]: *** [cmTC_70af5] Error 1
make[1]: Leaving directory '/home/wenyan/wenyan/cmake/cmake/code/demo-code/demo9/build/CMakeFiles/CMakeTmp'
Makefile:126: recipe for target 'cmTC_70af5/fast' failed
make: *** [cmTC_70af5/fast] Error 2


